# JRE version: OpenJDK Runtime Environment Corretto-11.0.13.8.1 (11.0.13+8) (build 11.0.13+8-LTS)
# Java VM: OpenJDK 64-Bit Server VM Corretto-11.0.13.8.1 (11.0.13+8-LTS, mixed mode, tiered, compressed oops, g1 gc, windows-amd64)
Heap:
 garbage-first heap   total 155648K, used 108720K [0x0000000082800000, 0x0000000100000000)
  region size 1024K, 91 young (93184K), 9 survivors (9216K)
 Metaspace       used 65652K, capacity 67653K, committed 67880K, reserved 1107968K
  class space    used 8564K, capacity 9381K, committed 9420K, reserved 1048576K
GC Heap History (19 events):
Event: 1.007 GC heap before
{Heap before GC invocations=0 (full 0):
 garbage-first heap   total 129024K, used 24576K [0x0000000082800000, 0x0000000100000000)
  region size 1024K, 24 young (24576K), 0 survivors (0K)
 Metaspace       used 14050K, capacity 14476K, committed 14720K, reserved 1062912K
  class space    used 1455K, capacity 1593K, committed 1664K, reserved 1048576K
}
Event: 1.012 GC heap after
{Heap after GC invocations=1 (full 0):
 garbage-first heap   total 129024K, used 7592K [0x0000000082800000, 0x0000000100000000)
  region size 1024K, 3 young (3072K), 3 survivors (3072K)
 Metaspace       used 14050K, capacity 14476K, committed 14720K, reserved 1062912K
  class space    used 1455K, capacity 1593K, committed 1664K, reserved 1048576K
}
Event: 1.314 GC heap before
{Heap before GC invocations=1 (full 0):
 garbage-first heap   total 129024K, used 30120K [0x0000000082800000, 0x0000000100000000)
  region size 1024K, 25 young (25600K), 3 survivors (3072K)
 Metaspace       used 18085K, capacity 18678K, committed 18944K, reserved 1067008K
  class space    used 2019K, capacity 2222K, committed 2304K, reserved 1048576K
}
Event: 1.320 GC heap after
{Heap after GC invocations=2 (full 0):
 garbage-first heap   total 129024K, used 9192K [0x0000000082800000, 0x0000000100000000)
  region size 1024K, 2 young (2048K), 2 survivors (2048K)
 Metaspace       used 18085K, capacity 18678K, committed 18944K, reserved 1067008K
  class space    used 2019K, capacity 2222K, committed 2304K, reserved 1048576K
}
Event: 1.413 GC heap before
{Heap before GC invocations=2 (full 0):
 garbage-first heap   total 129024K, used 23528K [0x0000000082800000, 0x0000000100000000)
  region size 1024K, 17 young (17408K), 2 survivors (2048K)
 Metaspace       used 20453K, capacity 21064K, committed 21248K, reserved 1069056K
  class space    used 2323K, capacity 2554K, committed 2560K, reserved 1048576K
}
Event: 1.416 GC heap after
{Heap after GC invocations=3 (full 0):
 garbage-first heap   total 129024K, used 9917K [0x0000000082800000, 0x0000000100000000)
  region size 1024K, 3 young (3072K), 3 survivors (3072K)
 Metaspace       used 20453K, capacity 21064K, committed 21248K, reserved 1069056K
  class space    used 2323K, capacity 2554K, committed 2560K, reserved 1048576K
}
Event: 1.673 GC heap before
{Heap before GC invocations=4 (full 0):
 garbage-first heap   total 129024K, used 63165K [0x0000000082800000, 0x0000000100000000)
  region size 1024K, 56 young (57344K), 3 survivors (3072K)
 Metaspace       used 23839K, capacity 24642K, committed 24956K, reserved 1071104K
  class space    used 2770K, capacity 3088K, committed 3200K, reserved 1048576K
}
Event: 1.677 GC heap after
{Heap after GC invocations=5 (full 0):
 garbage-first heap   total 129024K, used 11185K [0x0000000082800000, 0x0000000100000000)
  region size 1024K, 4 young (4096K), 4 survivors (4096K)
 Metaspace       used 23839K, capacity 24642K, committed 24956K, reserved 1071104K
  class space    used 2770K, capacity 3088K, committed 3200K, reserved 1048576K
}
Event: 2.084 GC heap before
{Heap before GC invocations=5 (full 0):
 garbage-first heap   total 129024K, used 82865K [0x0000000082800000, 0x0000000100000000)
  region size 1024K, 75 young (76800K), 4 survivors (4096K)
 Metaspace       used 27660K, capacity 28664K, committed 28924K, reserved 1075200K
  class space    used 3325K, capacity 3714K, committed 3840K, reserved 1048576K
}
Event: 2.090 GC heap after
{Heap after GC invocations=6 (full 0):
 garbage-first heap   total 129024K, used 13228K [0x0000000082800000, 0x0000000100000000)
  region size 1024K, 6 young (6144K), 6 survivors (6144K)
 Metaspace       used 27660K, capacity 28664K, committed 28924K, reserved 1075200K
  class space    used 3325K, capacity 3714K, committed 3840K, reserved 1048576K
}
Event: 2.551 GC heap before
{Heap before GC invocations=6 (full 0):
 garbage-first heap   total 129024K, used 82860K [0x0000000082800000, 0x0000000100000000)
  region size 1024K, 75 young (76800K), 6 survivors (6144K)
 Metaspace       used 33285K, capacity 34531K, committed 34556K, reserved 1079296K
  class space    used 4103K, capacity 4599K, committed 4608K, reserved 1048576K
}
Event: 2.561 GC heap after
{Heap after GC invocations=7 (full 0):
 garbage-first heap   total 155648K, used 16220K [0x0000000082800000, 0x0000000100000000)
  region size 1024K, 9 young (9216K), 9 survivors (9216K)
 Metaspace       used 33285K, capacity 34531K, committed 34556K, reserved 1079296K
  class space    used 4103K, capacity 4599K, committed 4608K, reserved 1048576K
}
Event: 2.735 GC heap before
{Heap before GC invocations=7 (full 0):
 garbage-first heap   total 155648K, used 59228K [0x0000000082800000, 0x0000000100000000)
  region size 1024K, 53 young (54272K), 9 survivors (9216K)
 Metaspace       used 34656K, capacity 35946K, committed 36048K, reserved 1081344K
  class space    used 4278K, capacity 4837K, committed 4864K, reserved 1048576K
}
Event: 2.748 GC heap after
{Heap after GC invocations=8 (full 0):
 garbage-first heap   total 155648K, used 17356K [0x0000000082800000, 0x0000000100000000)
  region size 1024K, 7 young (7168K), 7 survivors (7168K)
 Metaspace       used 34656K, capacity 35946K, committed 36048K, reserved 1081344K
  class space    used 4278K, capacity 4837K, committed 4864K, reserved 1048576K
}
Event: 3.528 GC heap before
{Heap before GC invocations=9 (full 0):
 garbage-first heap   total 155648K, used 102348K [0x0000000082800000, 0x0000000100000000)
  region size 1024K, 91 young (93184K), 7 survivors (7168K)
 Metaspace       used 50488K, capacity 52006K, committed 52124K, reserved 1093632K
  class space    used 6385K, capacity 7014K, committed 7116K, reserved 1048576K
}
Event: 3.535 GC heap after
{Heap after GC invocations=10 (full 0):
 garbage-first heap   total 155648K, used 21670K [0x0000000082800000, 0x0000000100000000)
  region size 1024K, 11 young (11264K), 11 survivors (11264K)
 Metaspace       used 50488K, capacity 52006K, committed 52124K, reserved 1093632K
  class space    used 6385K, capacity 7014K, committed 7116K, reserved 1048576K
}
Event: 4.266 GC heap before
{Heap before GC invocations=10 (full 0):
 garbage-first heap   total 155648K, used 92326K [0x0000000082800000, 0x0000000100000000)
  region size 1024K, 81 young (82944K), 11 survivors (11264K)
 Metaspace       used 58696K, capacity 60435K, committed 60572K, reserved 1101824K
  class space    used 7592K, capacity 8302K, committed 8396K, reserved 1048576K
}
Event: 4.275 GC heap after
{Heap after GC invocations=11 (full 0):
 garbage-first heap   total 155648K, used 24752K [0x0000000082800000, 0x0000000100000000)
  region size 1024K, 9 young (9216K), 9 survivors (9216K)
 Metaspace       used 58696K, capacity 60435K, committed 60572K, reserved 1101824K
  class space    used 7592K, capacity 8302K, committed 8396K, reserved 1048576K
}
Event: 7.541 GC heap before
{Heap before GC invocations=12 (full 0):
 garbage-first heap   total 155648K, used 108720K [0x0000000082800000, 0x0000000100000000)
  region size 1024K, 91 young (93184K), 9 survivors (9216K)
 Metaspace       used 65652K, capacity 67653K, committed 67880K, reserved 1107968K
  class space    used 8564K, capacity 9381K, committed 9420K, reserved 1048576K
}

