# JRE version: OpenJDK Runtime Environment Corretto-11.0.13.8.1 (11.0.13+8) (build 11.0.13+8-LTS)
# Java VM: OpenJDK 64-Bit Server VM Corretto-11.0.13.8.1 (11.0.13+8-LTS, mixed mode, tiered, compressed oops, g1 gc, windows-amd64)
Heap:
 garbage-first heap   total 155648K, used 61603K [0x0000000082800000, 0x0000000100000000)
  region size 1024K, 47 young (48128K), 2 survivors (2048K)
 Metaspace       used 34602K, capacity 35801K, committed 35920K, reserved 1081344K
  class space    used 4297K, capacity 4810K, committed 4864K, reserved 1048576K
GC Heap History (13 events):
Event: 1.008 GC heap before
{Heap before GC invocations=0 (full 0):
 garbage-first heap   total 129024K, used 24576K [0x0000000082800000, 0x0000000100000000)
  region size 1024K, 24 young (24576K), 0 survivors (0K)
 Metaspace       used 14133K, capacity 14554K, committed 14720K, reserved 1062912K
  class space    used 1469K, capacity 1598K, committed 1664K, reserved 1048576K
}
Event: 1.014 GC heap after
{Heap after GC invocations=1 (full 0):
 garbage-first heap   total 129024K, used 7598K [0x0000000082800000, 0x0000000100000000)
  region size 1024K, 3 young (3072K), 3 survivors (3072K)
 Metaspace       used 14133K, capacity 14554K, committed 14720K, reserved 1062912K
  class space    used 1469K, capacity 1598K, committed 1664K, reserved 1048576K
}
Event: 1.305 GC heap before
{Heap before GC invocations=1 (full 0):
 garbage-first heap   total 129024K, used 28078K [0x0000000082800000, 0x0000000100000000)
  region size 1024K, 23 young (23552K), 3 survivors (3072K)
 Metaspace       used 17797K, capacity 18342K, committed 18432K, reserved 1064960K
  class space    used 1991K, capacity 2215K, committed 2304K, reserved 1048576K
}
Event: 1.310 GC heap after
{Heap after GC invocations=2 (full 0):
 garbage-first heap   total 129024K, used 9054K [0x0000000082800000, 0x0000000100000000)
  region size 1024K, 2 young (2048K), 2 survivors (2048K)
 Metaspace       used 17797K, capacity 18342K, committed 18432K, reserved 1064960K
  class space    used 1991K, capacity 2215K, committed 2304K, reserved 1048576K
}
Event: 1.451 GC heap before
{Heap before GC invocations=2 (full 0):
 garbage-first heap   total 129024K, used 26462K [0x0000000082800000, 0x0000000100000000)
  region size 1024K, 20 young (20480K), 2 survivors (2048K)
 Metaspace       used 20465K, capacity 21096K, committed 21296K, reserved 1069056K
  class space    used 2338K, capacity 2586K, committed 2688K, reserved 1048576K
}
Event: 1.454 GC heap after
{Heap after GC invocations=3 (full 0):
 garbage-first heap   total 129024K, used 9874K [0x0000000082800000, 0x0000000100000000)
  region size 1024K, 2 young (2048K), 2 survivors (2048K)
 Metaspace       used 20465K, capacity 21096K, committed 21296K, reserved 1069056K
  class space    used 2338K, capacity 2586K, committed 2688K, reserved 1048576K
}
Event: 1.726 GC heap before
{Heap before GC invocations=4 (full 0):
 garbage-first heap   total 129024K, used 67218K [0x0000000082800000, 0x0000000100000000)
  region size 1024K, 59 young (60416K), 2 survivors (2048K)
 Metaspace       used 23786K, capacity 24575K, committed 24880K, reserved 1071104K
  class space    used 2769K, capacity 3087K, committed 3200K, reserved 1048576K
}
Event: 1.730 GC heap after
{Heap after GC invocations=5 (full 0):
 garbage-first heap   total 129024K, used 11253K [0x0000000082800000, 0x0000000100000000)
  region size 1024K, 4 young (4096K), 4 survivors (4096K)
 Metaspace       used 23786K, capacity 24575K, committed 24880K, reserved 1071104K
  class space    used 2769K, capacity 3087K, committed 3200K, reserved 1048576K
}
Event: 2.244 GC heap before
{Heap before GC invocations=5 (full 0):
 garbage-first heap   total 129024K, used 75765K [0x0000000082800000, 0x0000000100000000)
  region size 1024K, 68 young (69632K), 4 survivors (4096K)
 Metaspace       used 27460K, capacity 28500K, committed 28720K, reserved 1075200K
  class space    used 3302K, capacity 3702K, committed 3712K, reserved 1048576K
}
Event: 2.250 GC heap after
{Heap after GC invocations=6 (full 0):
 garbage-first heap   total 129024K, used 12952K [0x0000000082800000, 0x0000000100000000)
  region size 1024K, 5 young (5120K), 5 survivors (5120K)
 Metaspace       used 27460K, capacity 28500K, committed 28720K, reserved 1075200K
  class space    used 3302K, capacity 3702K, committed 3712K, reserved 1048576K
}
Event: 2.829 GC heap before
{Heap before GC invocations=6 (full 0):
 garbage-first heap   total 129024K, used 83608K [0x0000000082800000, 0x0000000100000000)
  region size 1024K, 75 young (76800K), 5 survivors (5120K)
 Metaspace       used 32850K, capacity 34130K, committed 34224K, reserved 1079296K
  class space    used 4038K, capacity 4529K, committed 4608K, reserved 1048576K
}
Event: 2.838 GC heap after
{Heap after GC invocations=7 (full 0):
 garbage-first heap   total 155648K, used 16024K [0x0000000082800000, 0x0000000100000000)
  region size 1024K, 8 young (8192K), 8 survivors (8192K)
 Metaspace       used 32850K, capacity 34130K, committed 34224K, reserved 1079296K
  class space    used 4038K, capacity 4529K, committed 4608K, reserved 1048576K
}
Event: 3.096 GC heap before
{Heap before GC invocations=7 (full 0):
 garbage-first heap   total 155648K, used 60056K [0x0000000082800000, 0x0000000100000000)
  region size 1024K, 53 young (54272K), 8 survivors (8192K)
 Metaspace       used 34602K, capacity 35801K, committed 35920K, reserved 1081344K
  class space    used 4297K, capacity 4810K, committed 4864K, reserved 1048576K
}

